<?xml version="1.0" encoding="UTF-8"?>
<!-- Generated by org.testng.reporters.JUnitXMLReporter -->
<testsuite hostname="LAPTOP-D2GVCL39" ignored="0" name="Default test" tests="6" failures="0" timestamp="2022-05-10T22:28:04 IST" time="33.227" errors="0">
  <testcase name="verifyUserNavigatesToWebTablePage" time="0.612" classname="KTCTC.regression.WebTablesTest"/>
  <testcase name="verifyNewUserCanBeAddedonWebTablesPage" time="3.199" classname="KTCTC.regression.WebTablesTest"/>
  <testcase name="verifyAllDetailsOfNewlyAddedUser" time="0.799" classname="KTCTC.regression.WebTablesTest"/>
  <testcase name="verifyExistingUserCanBeEdited" time="4.396" classname="KTCTC.regression.WebTablesTest"/>
  <testcase name="verifyAllDetailsOfEditedUser" time="0.469" classname="KTCTC.regression.WebTablesTest"/>
  <testcase name="verifyExistingUserCanBeDeleted" time="10.77" classname="KTCTC.regression.WebTablesTest"/>
</testsuite> <!-- Default test -->
