<?xml version="1.0" encoding="UTF-8"?>
<testng-results skipped="0" failed="0" ignored="0" total="6" passed="6">
  <reporter-output>
  </reporter-output>
  <suite name="Default suite" duration-ms="33227" started-at="2022-05-10T22:27:31 IST" finished-at="2022-05-10T22:28:04 IST">
    <groups>
    </groups>
    <test name="Default test" duration-ms="33227" started-at="2022-05-10T22:27:31 IST" finished-at="2022-05-10T22:28:04 IST">
      <class name="KTCTC.regression.WebTablesTest">
        <test-method status="PASS" signature="beforeSuite()[pri:0, instance:KTCTC.regression.WebTablesTest@28ac3dc3]" name="beforeSuite" is-config="true" duration-ms="230" started-at="2022-05-10T22:27:31 IST" finished-at="2022-05-10T22:27:31 IST">
          <reporter-output>
          </reporter-output>
        </test-method> <!-- beforeSuite -->
        <test-method status="PASS" signature="beforeClassOfA()[pri:0, instance:KTCTC.regression.WebTablesTest@28ac3dc3]" name="beforeClassOfA" is-config="true" duration-ms="11800" started-at="2022-05-10T22:27:31 IST" finished-at="2022-05-10T22:27:43 IST">
          <reporter-output>
          </reporter-output>
        </test-method> <!-- beforeClassOfA -->
        <test-method status="PASS" signature="beforeMethod(java.lang.reflect.Method)[pri:0, instance:KTCTC.regression.WebTablesTest@28ac3dc3]" name="beforeMethod" is-config="true" duration-ms="10" started-at="2022-05-10T22:27:43 IST" finished-at="2022-05-10T22:27:43 IST">
          <params>
            <param index="0">
              <value>
                <![CDATA[public void KTCTC.regression.WebTablesTest.verifyUserNavigatesToWebTablePage()]]>
              </value>
            </param>
          </params>
          <reporter-output>
          </reporter-output>
        </test-method> <!-- beforeMethod -->
        <test-method status="PASS" signature="verifyUserNavigatesToWebTablePage()[pri:1, instance:KTCTC.regression.WebTablesTest@28ac3dc3]" name="verifyUserNavigatesToWebTablePage" duration-ms="612" started-at="2022-05-10T22:27:43 IST" finished-at="2022-05-10T22:27:43 IST">
          <reporter-output>
          </reporter-output>
        </test-method> <!-- verifyUserNavigatesToWebTablePage -->
        <test-method status="PASS" signature="afterMethod(org.testng.ITestResult)[pri:0, instance:KTCTC.regression.WebTablesTest@28ac3dc3]" name="afterMethod" is-config="true" duration-ms="1" started-at="2022-05-10T22:27:43 IST" finished-at="2022-05-10T22:27:43 IST">
          <params>
            <param index="0">
              <value>
                <![CDATA[[TestResult name=verifyUserNavigatesToWebTablePage status=SUCCESS method=WebTablesTest.verifyUserNavigatesToWebTablePage()[pri:1, instance:KTCTC.regression.WebTablesTest@28ac3dc3] output={null}]]]>
              </value>
            </param>
          </params>
          <reporter-output>
          </reporter-output>
        </test-method> <!-- afterMethod -->
        <test-method status="PASS" signature="beforeMethod(java.lang.reflect.Method)[pri:0, instance:KTCTC.regression.WebTablesTest@28ac3dc3]" name="beforeMethod" is-config="true" duration-ms="1" started-at="2022-05-10T22:27:43 IST" finished-at="2022-05-10T22:27:43 IST">
          <params>
            <param index="0">
              <value>
                <![CDATA[public void KTCTC.regression.WebTablesTest.verifyNewUserCanBeAddedonWebTablesPage()]]>
              </value>
            </param>
          </params>
          <reporter-output>
          </reporter-output>
        </test-method> <!-- beforeMethod -->
        <test-method status="PASS" signature="verifyNewUserCanBeAddedonWebTablesPage()[pri:2, instance:KTCTC.regression.WebTablesTest@28ac3dc3]" name="verifyNewUserCanBeAddedonWebTablesPage" duration-ms="3199" started-at="2022-05-10T22:27:43 IST" finished-at="2022-05-10T22:27:47 IST">
          <reporter-output>
          </reporter-output>
        </test-method> <!-- verifyNewUserCanBeAddedonWebTablesPage -->
        <test-method status="PASS" signature="afterMethod(org.testng.ITestResult)[pri:0, instance:KTCTC.regression.WebTablesTest@28ac3dc3]" name="afterMethod" is-config="true" duration-ms="2" started-at="2022-05-10T22:27:47 IST" finished-at="2022-05-10T22:27:47 IST">
          <params>
            <param index="0">
              <value>
                <![CDATA[[TestResult name=verifyNewUserCanBeAddedonWebTablesPage status=SUCCESS method=WebTablesTest.verifyNewUserCanBeAddedonWebTablesPage()[pri:2, instance:KTCTC.regression.WebTablesTest@28ac3dc3] output={null}]]]>
              </value>
            </param>
          </params>
          <reporter-output>
          </reporter-output>
        </test-method> <!-- afterMethod -->
        <test-method status="PASS" signature="beforeMethod(java.lang.reflect.Method)[pri:0, instance:KTCTC.regression.WebTablesTest@28ac3dc3]" name="beforeMethod" is-config="true" duration-ms="2" started-at="2022-05-10T22:27:47 IST" finished-at="2022-05-10T22:27:47 IST">
          <params>
            <param index="0">
              <value>
                <![CDATA[public void KTCTC.regression.WebTablesTest.verifyAllDetailsOfNewlyAddedUser()]]>
              </value>
            </param>
          </params>
          <reporter-output>
          </reporter-output>
        </test-method> <!-- beforeMethod -->
        <test-method status="PASS" signature="verifyAllDetailsOfNewlyAddedUser()[pri:3, instance:KTCTC.regression.WebTablesTest@28ac3dc3]" name="verifyAllDetailsOfNewlyAddedUser" duration-ms="799" started-at="2022-05-10T22:27:47 IST" finished-at="2022-05-10T22:27:47 IST">
          <reporter-output>
          </reporter-output>
        </test-method> <!-- verifyAllDetailsOfNewlyAddedUser -->
        <test-method status="PASS" signature="afterMethod(org.testng.ITestResult)[pri:0, instance:KTCTC.regression.WebTablesTest@28ac3dc3]" name="afterMethod" is-config="true" duration-ms="3" started-at="2022-05-10T22:27:47 IST" finished-at="2022-05-10T22:27:47 IST">
          <params>
            <param index="0">
              <value>
                <![CDATA[[TestResult name=verifyAllDetailsOfNewlyAddedUser status=SUCCESS method=WebTablesTest.verifyAllDetailsOfNewlyAddedUser()[pri:3, instance:KTCTC.regression.WebTablesTest@28ac3dc3] output={null}]]]>
              </value>
            </param>
          </params>
          <reporter-output>
          </reporter-output>
        </test-method> <!-- afterMethod -->
        <test-method status="PASS" signature="beforeMethod(java.lang.reflect.Method)[pri:0, instance:KTCTC.regression.WebTablesTest@28ac3dc3]" name="beforeMethod" is-config="true" duration-ms="1" started-at="2022-05-10T22:27:47 IST" finished-at="2022-05-10T22:27:47 IST">
          <params>
            <param index="0">
              <value>
                <![CDATA[public void KTCTC.regression.WebTablesTest.verifyExistingUserCanBeEdited()]]>
              </value>
            </param>
          </params>
          <reporter-output>
          </reporter-output>
        </test-method> <!-- beforeMethod -->
        <test-method status="PASS" signature="verifyExistingUserCanBeEdited()[pri:4, instance:KTCTC.regression.WebTablesTest@28ac3dc3]" name="verifyExistingUserCanBeEdited" duration-ms="4396" started-at="2022-05-10T22:27:47 IST" finished-at="2022-05-10T22:27:52 IST">
          <reporter-output>
          </reporter-output>
        </test-method> <!-- verifyExistingUserCanBeEdited -->
        <test-method status="PASS" signature="afterMethod(org.testng.ITestResult)[pri:0, instance:KTCTC.regression.WebTablesTest@28ac3dc3]" name="afterMethod" is-config="true" duration-ms="2" started-at="2022-05-10T22:27:52 IST" finished-at="2022-05-10T22:27:52 IST">
          <params>
            <param index="0">
              <value>
                <![CDATA[[TestResult name=verifyExistingUserCanBeEdited status=SUCCESS method=WebTablesTest.verifyExistingUserCanBeEdited()[pri:4, instance:KTCTC.regression.WebTablesTest@28ac3dc3] output={null}]]]>
              </value>
            </param>
          </params>
          <reporter-output>
          </reporter-output>
        </test-method> <!-- afterMethod -->
        <test-method status="PASS" signature="beforeMethod(java.lang.reflect.Method)[pri:0, instance:KTCTC.regression.WebTablesTest@28ac3dc3]" name="beforeMethod" is-config="true" duration-ms="1" started-at="2022-05-10T22:27:52 IST" finished-at="2022-05-10T22:27:52 IST">
          <params>
            <param index="0">
              <value>
                <![CDATA[public void KTCTC.regression.WebTablesTest.verifyAllDetailsOfEditedUser()]]>
              </value>
            </param>
          </params>
          <reporter-output>
          </reporter-output>
        </test-method> <!-- beforeMethod -->
        <test-method status="PASS" signature="verifyAllDetailsOfEditedUser()[pri:5, instance:KTCTC.regression.WebTablesTest@28ac3dc3]" name="verifyAllDetailsOfEditedUser" duration-ms="469" started-at="2022-05-10T22:27:52 IST" finished-at="2022-05-10T22:27:52 IST">
          <reporter-output>
          </reporter-output>
        </test-method> <!-- verifyAllDetailsOfEditedUser -->
        <test-method status="PASS" signature="afterMethod(org.testng.ITestResult)[pri:0, instance:KTCTC.regression.WebTablesTest@28ac3dc3]" name="afterMethod" is-config="true" duration-ms="4" started-at="2022-05-10T22:27:52 IST" finished-at="2022-05-10T22:27:52 IST">
          <params>
            <param index="0">
              <value>
                <![CDATA[[TestResult name=verifyAllDetailsOfEditedUser status=SUCCESS method=WebTablesTest.verifyAllDetailsOfEditedUser()[pri:5, instance:KTCTC.regression.WebTablesTest@28ac3dc3] output={null}]]]>
              </value>
            </param>
          </params>
          <reporter-output>
          </reporter-output>
        </test-method> <!-- afterMethod -->
        <test-method status="PASS" signature="beforeMethod(java.lang.reflect.Method)[pri:0, instance:KTCTC.regression.WebTablesTest@28ac3dc3]" name="beforeMethod" is-config="true" duration-ms="2" started-at="2022-05-10T22:27:52 IST" finished-at="2022-05-10T22:27:52 IST">
          <params>
            <param index="0">
              <value>
                <![CDATA[public void KTCTC.regression.WebTablesTest.verifyExistingUserCanBeDeleted()]]>
              </value>
            </param>
          </params>
          <reporter-output>
          </reporter-output>
        </test-method> <!-- beforeMethod -->
        <test-method status="PASS" signature="verifyExistingUserCanBeDeleted()[pri:6, instance:KTCTC.regression.WebTablesTest@28ac3dc3]" name="verifyExistingUserCanBeDeleted" duration-ms="10770" started-at="2022-05-10T22:27:52 IST" finished-at="2022-05-10T22:28:03 IST">
          <reporter-output>
          </reporter-output>
        </test-method> <!-- verifyExistingUserCanBeDeleted -->
        <test-method status="PASS" signature="afterMethod(org.testng.ITestResult)[pri:0, instance:KTCTC.regression.WebTablesTest@28ac3dc3]" name="afterMethod" is-config="true" duration-ms="5" started-at="2022-05-10T22:28:03 IST" finished-at="2022-05-10T22:28:03 IST">
          <params>
            <param index="0">
              <value>
                <![CDATA[[TestResult name=verifyExistingUserCanBeDeleted status=SUCCESS method=WebTablesTest.verifyExistingUserCanBeDeleted()[pri:6, instance:KTCTC.regression.WebTablesTest@28ac3dc3] output={null}]]]>
              </value>
            </param>
          </params>
          <reporter-output>
          </reporter-output>
        </test-method> <!-- afterMethod -->
        <test-method status="PASS" signature="afterClass()[pri:0, instance:KTCTC.regression.WebTablesTest@28ac3dc3]" name="afterClass" is-config="true" duration-ms="1090" started-at="2022-05-10T22:28:03 IST" finished-at="2022-05-10T22:28:04 IST">
          <reporter-output>
          </reporter-output>
        </test-method> <!-- afterClass -->
        <test-method status="PASS" signature="afterSuiteMethod()[pri:0, instance:KTCTC.regression.WebTablesTest@28ac3dc3]" name="afterSuiteMethod" is-config="true" duration-ms="530" started-at="2022-05-10T22:28:04 IST" finished-at="2022-05-10T22:28:05 IST">
          <reporter-output>
          </reporter-output>
        </test-method> <!-- afterSuiteMethod -->
      </class> <!-- KTCTC.regression.WebTablesTest -->
    </test> <!-- Default test -->
  </suite> <!-- Default suite -->
</testng-results>
